<?xml version="1.0" encoding="UTF-8"?>
<!-- Generated by org.testng.reporters.JUnitXMLReporter -->
<testsuite ignored="1" hostname="LAPTOP-Q01D263N" failures="0" tests="5" name="Default test" time="34.6" errors="0" timestamp="2025-06-24T20:13:28 EET">
  <testcase classname="automatinpracticewebsite.automatinpracticewebsite.AppTest" name="Login" time="7.077"/>
  <testcase classname="automatinpracticewebsite.automatinpracticewebsite.AppTest" name="Searchproduct" time="13.766"/>
  <testcase classname="automatinpracticewebsite.automatinpracticewebsite.AppTest" name="Checkout" time="3.778"/>
  <testcase classname="automatinpracticewebsite.automatinpracticewebsite.AppTest" name="Contactus" time="2.376"/>
  <testcase classname="automatinpracticewebsite.automatinpracticewebsite.AppTest" name="Logout" time="1.149"/>
  <testcase classname="automatinpracticewebsite.automatinpracticewebsite.AppTest" name="SingUp" time="0.0">
    <ignored/>
  </testcase> <!-- SingUp -->
</testsuite> <!-- Default test -->
