<?xml version="1.0" encoding="UTF-8"?>
<testng-results ignored="1" total="6" passed="5" failed="0" skipped="0">
  <reporter-output>
  </reporter-output>
  <suite started-at="2025-06-24T20:12:53 EET" name="Default suite" finished-at="2025-06-24T20:13:28 EET" duration-ms="34600">
    <groups>
    </groups>
    <test started-at="2025-06-24T20:12:53 EET" name="Default test" finished-at="2025-06-24T20:13:28 EET" duration-ms="34600">
      <class name="automatinpracticewebsite.automatinpracticewebsite.AppTest">
        <test-method is-config="true" signature="mysetup()[pri:0, instance:automatinpracticewebsite.automatinpracticewebsite.AppTest@23fb172e]" started-at="2025-06-24T20:12:53 EET" name="mysetup" finished-at="2025-06-24T20:13:00 EET" duration-ms="6362" status="PASS">
          <reporter-output>
          </reporter-output>
        </test-method> <!-- mysetup -->
        <test-method signature="Login()[pri:2, instance:automatinpracticewebsite.automatinpracticewebsite.AppTest@23fb172e]" started-at="2025-06-24T20:13:00 EET" name="Login" finished-at="2025-06-24T20:13:07 EET" duration-ms="7077" status="PASS">
          <reporter-output>
          </reporter-output>
        </test-method> <!-- Login -->
        <test-method signature="Searchproduct()[pri:3, instance:automatinpracticewebsite.automatinpracticewebsite.AppTest@23fb172e]" started-at="2025-06-24T20:13:07 EET" name="Searchproduct" finished-at="2025-06-24T20:13:20 EET" duration-ms="13766" status="PASS">
          <reporter-output>
          </reporter-output>
        </test-method> <!-- Searchproduct -->
        <test-method signature="Checkout()[pri:4, instance:automatinpracticewebsite.automatinpracticewebsite.AppTest@23fb172e]" started-at="2025-06-24T20:13:20 EET" name="Checkout" finished-at="2025-06-24T20:13:24 EET" duration-ms="3778" status="PASS">
          <reporter-output>
          </reporter-output>
        </test-method> <!-- Checkout -->
        <test-method signature="Contactus()[pri:5, instance:automatinpracticewebsite.automatinpracticewebsite.AppTest@23fb172e]" started-at="2025-06-24T20:13:24 EET" name="Contactus" finished-at="2025-06-24T20:13:27 EET" duration-ms="2376" status="PASS">
          <reporter-output>
          </reporter-output>
        </test-method> <!-- Contactus -->
        <test-method signature="Logout()[pri:6, instance:automatinpracticewebsite.automatinpracticewebsite.AppTest@23fb172e]" started-at="2025-06-24T20:13:27 EET" name="Logout" finished-at="2025-06-24T20:13:28 EET" duration-ms="1149" status="PASS">
          <reporter-output>
          </reporter-output>
        </test-method> <!-- Logout -->
      </class> <!-- automatinpracticewebsite.automatinpracticewebsite.AppTest -->
    </test> <!-- Default test -->
  </suite> <!-- Default suite -->
</testng-results>
